<?xml version="1.0" encoding="UTF-8"?>
<!-- Generated by org.testng.reporters.JUnitReportReporter -->
<testsuite skipped="0" hostname="preethi" name="com.assignment.test.LoginFacebook" tests="1" failures="0" timestamp="2021-11-21T22:33:48 IST" time="25.400" errors="0">
  <testcase name="loginFb" time="25.400" classname="com.assignment.test.LoginFacebook"/>
  <system-out/>
</testsuite> <!-- com.assignment.test.LoginFacebook -->
